2021-02-07 13:37:15,239 INFO 13708 [Timer] D:\run\egg-example\node_modules\egg-multipart\app\schedule\clean_tmpdir.js next time will execute after 53564764ms at 2021-02-08 04:30:00.003
2021-02-07 13:37:15,240 INFO 13708 [Timer] D:\run\egg-example\node_modules\egg-logrotator\app\schedule\clean_log.js next time will execute after 37364761ms at 2021-02-08 00:00:00.001
2021-02-07 13:37:15,240 INFO 13708 [Timer] D:\run\egg-example\node_modules\egg-logrotator\app\schedule\rotate_by_file.js next time will execute after 37365760ms at 2021-02-08 00:00:01.000
2021-02-07 13:37:14,599 INFO 12184 [egg-schedule]: register schedule D:\run\egg-example\node_modules\egg-multipart\app\schedule\clean_tmpdir.js
2021-02-07 13:37:14,599 INFO 12184 [egg-schedule]: register schedule D:\run\egg-example\node_modules\egg-logrotator\app\schedule\clean_log.js
2021-02-07 13:37:14,599 INFO 12184 [egg-schedule]: register schedule D:\run\egg-example\node_modules\egg-logrotator\app\schedule\rotate_by_file.js
2021-02-07 13:39:22,539 INFO 19324 [egg-schedule]: register schedule D:\run\egg-example\node_modules\egg-multipart\app\schedule\clean_tmpdir.js
2021-02-07 13:39:22,539 INFO 19324 [egg-schedule]: register schedule D:\run\egg-example\node_modules\egg-logrotator\app\schedule\clean_log.js
2021-02-07 13:39:22,539 INFO 19324 [egg-schedule]: register schedule D:\run\egg-example\node_modules\egg-logrotator\app\schedule\rotate_by_file.js
2021-02-07 13:39:26,948 INFO 22232 [egg-schedule]: register schedule D:\run\egg-example\node_modules\egg-multipart\app\schedule\clean_tmpdir.js
2021-02-07 13:39:26,948 INFO 22232 [egg-schedule]: register schedule D:\run\egg-example\node_modules\egg-logrotator\app\schedule\clean_log.js
2021-02-07 13:39:26,948 INFO 22232 [egg-schedule]: register schedule D:\run\egg-example\node_modules\egg-logrotator\app\schedule\rotate_by_file.js
2021-02-07 13:45:55,326 INFO 92 [egg-schedule]: register schedule D:\run\egg-example\node_modules\egg-multipart\app\schedule\clean_tmpdir.js
2021-02-07 13:45:55,326 INFO 92 [egg-schedule]: register schedule D:\run\egg-example\node_modules\egg-logrotator\app\schedule\clean_log.js
2021-02-07 13:45:55,326 INFO 92 [egg-schedule]: register schedule D:\run\egg-example\node_modules\egg-logrotator\app\schedule\rotate_by_file.js
2021-02-07 13:46:02,931 INFO 15236 [egg-schedule]: register schedule D:\run\egg-example\node_modules\egg-multipart\app\schedule\clean_tmpdir.js
2021-02-07 13:46:02,932 INFO 15236 [egg-schedule]: register schedule D:\run\egg-example\node_modules\egg-logrotator\app\schedule\clean_log.js
2021-02-07 13:46:02,932 INFO 15236 [egg-schedule]: register schedule D:\run\egg-example\node_modules\egg-logrotator\app\schedule\rotate_by_file.js
2021-02-07 13:46:13,906 INFO 14184 [egg-schedule]: register schedule D:\run\egg-example\node_modules\egg-multipart\app\schedule\clean_tmpdir.js
2021-02-07 13:46:13,906 INFO 14184 [egg-schedule]: register schedule D:\run\egg-example\node_modules\egg-logrotator\app\schedule\clean_log.js
2021-02-07 13:46:13,906 INFO 14184 [egg-schedule]: register schedule D:\run\egg-example\node_modules\egg-logrotator\app\schedule\rotate_by_file.js
2021-02-07 13:46:19,197 INFO 1612 [egg-schedule]: register schedule D:\run\egg-example\node_modules\egg-multipart\app\schedule\clean_tmpdir.js
2021-02-07 13:46:19,197 INFO 1612 [egg-schedule]: register schedule D:\run\egg-example\node_modules\egg-logrotator\app\schedule\clean_log.js
2021-02-07 13:46:19,197 INFO 1612 [egg-schedule]: register schedule D:\run\egg-example\node_modules\egg-logrotator\app\schedule\rotate_by_file.js
2021-02-07 13:48:37,477 INFO 12076 [egg-schedule]: register schedule D:\run\egg-example\node_modules\egg-multipart\app\schedule\clean_tmpdir.js
2021-02-07 13:48:37,477 INFO 12076 [egg-schedule]: register schedule D:\run\egg-example\node_modules\egg-logrotator\app\schedule\clean_log.js
2021-02-07 13:48:37,477 INFO 12076 [egg-schedule]: register schedule D:\run\egg-example\node_modules\egg-logrotator\app\schedule\rotate_by_file.js
2021-02-07 13:48:38,305 INFO 6912 [Timer] D:\run\egg-example\node_modules\egg-multipart\app\schedule\clean_tmpdir.js next time will execute after 52881700ms at 2021-02-08 04:30:00.005
2021-02-07 13:48:38,306 INFO 6912 [Timer] D:\run\egg-example\node_modules\egg-logrotator\app\schedule\clean_log.js next time will execute after 36681694ms at 2021-02-08 00:00:00.000
2021-02-07 13:48:38,306 INFO 6912 [Timer] D:\run\egg-example\node_modules\egg-logrotator\app\schedule\rotate_by_file.js next time will execute after 36682694ms at 2021-02-08 00:00:01.000
2021-02-07 13:48:38,468 INFO 13448 [egg-schedule]: register schedule D:\run\egg-example\node_modules\egg-multipart\app\schedule\clean_tmpdir.js
2021-02-07 13:48:38,468 INFO 13448 [egg-schedule]: register schedule D:\run\egg-example\node_modules\egg-logrotator\app\schedule\clean_log.js
2021-02-07 13:48:38,468 INFO 13448 [egg-schedule]: register schedule D:\run\egg-example\node_modules\egg-logrotator\app\schedule\rotate_by_file.js
2021-02-07 13:48:44,661 INFO 11236 [egg-schedule]: register schedule D:\run\egg-example\node_modules\egg-multipart\app\schedule\clean_tmpdir.js
2021-02-07 13:48:44,661 INFO 11236 [egg-schedule]: register schedule D:\run\egg-example\node_modules\egg-logrotator\app\schedule\clean_log.js
2021-02-07 13:48:44,661 INFO 11236 [egg-schedule]: register schedule D:\run\egg-example\node_modules\egg-logrotator\app\schedule\rotate_by_file.js
2021-02-07 13:49:32,092 INFO 17332 [egg-schedule]: register schedule D:\run\egg-example\node_modules\egg-multipart\app\schedule\clean_tmpdir.js
2021-02-07 13:49:32,092 INFO 17332 [egg-schedule]: register schedule D:\run\egg-example\node_modules\egg-logrotator\app\schedule\clean_log.js
2021-02-07 13:49:32,092 INFO 17332 [egg-schedule]: register schedule D:\run\egg-example\node_modules\egg-logrotator\app\schedule\rotate_by_file.js
2021-02-07 13:50:05,937 INFO 12360 [egg-schedule]: register schedule D:\run\egg-example\node_modules\egg-multipart\app\schedule\clean_tmpdir.js
2021-02-07 13:50:05,937 INFO 12360 [egg-schedule]: register schedule D:\run\egg-example\node_modules\egg-logrotator\app\schedule\clean_log.js
2021-02-07 13:50:05,937 INFO 12360 [egg-schedule]: register schedule D:\run\egg-example\node_modules\egg-logrotator\app\schedule\rotate_by_file.js
2021-02-07 13:50:06,454 INFO 16056 [Timer] D:\run\egg-example\node_modules\egg-multipart\app\schedule\clean_tmpdir.js next time will execute after 52793549ms at 2021-02-08 04:30:00.003
2021-02-07 13:50:06,455 INFO 16056 [Timer] D:\run\egg-example\node_modules\egg-logrotator\app\schedule\clean_log.js next time will execute after 36593546ms at 2021-02-08 00:00:00.000
2021-02-07 13:50:06,455 INFO 16056 [Timer] D:\run\egg-example\node_modules\egg-logrotator\app\schedule\rotate_by_file.js next time will execute after 36594545ms at 2021-02-08 00:00:01.000
2021-02-07 13:56:55,159 INFO 16280 [egg-schedule]: register schedule D:\run\egg-example\node_modules\egg-multipart\app\schedule\clean_tmpdir.js
2021-02-07 13:56:55,159 INFO 16280 [egg-schedule]: register schedule D:\run\egg-example\node_modules\egg-logrotator\app\schedule\clean_log.js
2021-02-07 13:56:55,159 INFO 16280 [egg-schedule]: register schedule D:\run\egg-example\node_modules\egg-logrotator\app\schedule\rotate_by_file.js
2021-02-07 13:58:48,808 INFO 7608 [egg-schedule]: register schedule D:\run\egg-example\node_modules\egg-multipart\app\schedule\clean_tmpdir.js
2021-02-07 13:58:48,808 INFO 7608 [egg-schedule]: register schedule D:\run\egg-example\node_modules\egg-logrotator\app\schedule\clean_log.js
2021-02-07 13:58:48,808 INFO 7608 [egg-schedule]: register schedule D:\run\egg-example\node_modules\egg-logrotator\app\schedule\rotate_by_file.js
2021-02-07 13:58:57,919 INFO 15328 [egg-schedule]: register schedule D:\run\egg-example\node_modules\egg-multipart\app\schedule\clean_tmpdir.js
2021-02-07 13:58:57,919 INFO 15328 [egg-schedule]: register schedule D:\run\egg-example\node_modules\egg-logrotator\app\schedule\clean_log.js
2021-02-07 13:58:57,919 INFO 15328 [egg-schedule]: register schedule D:\run\egg-example\node_modules\egg-logrotator\app\schedule\rotate_by_file.js
2021-02-07 13:59:30,516 INFO 21440 [egg-schedule]: register schedule D:\run\egg-example\node_modules\egg-multipart\app\schedule\clean_tmpdir.js
2021-02-07 13:59:30,516 INFO 21440 [egg-schedule]: register schedule D:\run\egg-example\node_modules\egg-logrotator\app\schedule\clean_log.js
2021-02-07 13:59:30,516 INFO 21440 [egg-schedule]: register schedule D:\run\egg-example\node_modules\egg-logrotator\app\schedule\rotate_by_file.js
2021-02-07 14:00:19,471 INFO 20972 [egg-schedule]: register schedule D:\run\egg-example\node_modules\egg-multipart\app\schedule\clean_tmpdir.js
2021-02-07 14:00:19,471 INFO 20972 [egg-schedule]: register schedule D:\run\egg-example\node_modules\egg-logrotator\app\schedule\clean_log.js
2021-02-07 14:00:19,471 INFO 20972 [egg-schedule]: register schedule D:\run\egg-example\node_modules\egg-logrotator\app\schedule\rotate_by_file.js
2021-02-07 14:02:37,585 INFO 21120 [egg-schedule]: register schedule D:\run\egg-example\node_modules\egg-multipart\app\schedule\clean_tmpdir.js
2021-02-07 14:02:37,585 INFO 21120 [egg-schedule]: register schedule D:\run\egg-example\node_modules\egg-logrotator\app\schedule\clean_log.js
2021-02-07 14:02:37,585 INFO 21120 [egg-schedule]: register schedule D:\run\egg-example\node_modules\egg-logrotator\app\schedule\rotate_by_file.js
2021-02-07 14:02:41,294 INFO 5084 [egg-schedule]: register schedule D:\run\egg-example\node_modules\egg-multipart\app\schedule\clean_tmpdir.js
2021-02-07 14:02:41,294 INFO 5084 [egg-schedule]: register schedule D:\run\egg-example\node_modules\egg-logrotator\app\schedule\clean_log.js
2021-02-07 14:02:41,294 INFO 5084 [egg-schedule]: register schedule D:\run\egg-example\node_modules\egg-logrotator\app\schedule\rotate_by_file.js
2021-02-07 14:04:51,008 INFO 20412 [egg-schedule]: register schedule D:\run\egg-example\node_modules\egg-multipart\app\schedule\clean_tmpdir.js
2021-02-07 14:04:51,008 INFO 20412 [egg-schedule]: register schedule D:\run\egg-example\node_modules\egg-logrotator\app\schedule\clean_log.js
2021-02-07 14:04:51,008 INFO 20412 [egg-schedule]: register schedule D:\run\egg-example\node_modules\egg-logrotator\app\schedule\rotate_by_file.js
2021-02-07 14:08:02,283 INFO 9648 [egg-schedule]: register schedule D:\run\egg-example\node_modules\egg-multipart\app\schedule\clean_tmpdir.js
2021-02-07 14:08:02,283 INFO 9648 [egg-schedule]: register schedule D:\run\egg-example\node_modules\egg-logrotator\app\schedule\clean_log.js
2021-02-07 14:08:02,283 INFO 9648 [egg-schedule]: register schedule D:\run\egg-example\node_modules\egg-logrotator\app\schedule\rotate_by_file.js
2021-02-07 14:08:05,767 INFO 15924 [egg-schedule]: register schedule D:\run\egg-example\node_modules\egg-multipart\app\schedule\clean_tmpdir.js
2021-02-07 14:08:05,767 INFO 15924 [egg-schedule]: register schedule D:\run\egg-example\node_modules\egg-logrotator\app\schedule\clean_log.js
2021-02-07 14:08:05,768 INFO 15924 [egg-schedule]: register schedule D:\run\egg-example\node_modules\egg-logrotator\app\schedule\rotate_by_file.js
2021-02-07 14:08:22,859 INFO 12196 [egg-schedule]: register schedule D:\run\egg-example\node_modules\egg-multipart\app\schedule\clean_tmpdir.js
2021-02-07 14:08:22,859 INFO 12196 [egg-schedule]: register schedule D:\run\egg-example\node_modules\egg-logrotator\app\schedule\clean_log.js
2021-02-07 14:08:22,859 INFO 12196 [egg-schedule]: register schedule D:\run\egg-example\node_modules\egg-logrotator\app\schedule\rotate_by_file.js
2021-02-07 14:09:48,583 INFO 14708 [egg-schedule]: register schedule D:\run\egg-example\node_modules\egg-multipart\app\schedule\clean_tmpdir.js
2021-02-07 14:09:48,583 INFO 14708 [egg-schedule]: register schedule D:\run\egg-example\node_modules\egg-logrotator\app\schedule\clean_log.js
2021-02-07 14:09:48,583 INFO 14708 [egg-schedule]: register schedule D:\run\egg-example\node_modules\egg-logrotator\app\schedule\rotate_by_file.js
2021-02-07 14:10:48,049 INFO 14888 [Timer] D:\run\egg-example\node_modules\egg-multipart\app\schedule\clean_tmpdir.js next time will execute after 51551954ms at 2021-02-08 04:30:00.003
2021-02-07 14:10:48,049 INFO 14888 [Timer] D:\run\egg-example\node_modules\egg-logrotator\app\schedule\clean_log.js next time will execute after 35351951ms at 2021-02-08 00:00:00.000
2021-02-07 14:10:48,050 INFO 14888 [Timer] D:\run\egg-example\node_modules\egg-logrotator\app\schedule\rotate_by_file.js next time will execute after 35352951ms at 2021-02-08 00:00:01.001
2021-02-07 14:10:47,635 INFO 18640 [egg-schedule]: register schedule D:\run\egg-example\node_modules\egg-multipart\app\schedule\clean_tmpdir.js
2021-02-07 14:10:47,635 INFO 18640 [egg-schedule]: register schedule D:\run\egg-example\node_modules\egg-logrotator\app\schedule\clean_log.js
2021-02-07 14:10:47,635 INFO 18640 [egg-schedule]: register schedule D:\run\egg-example\node_modules\egg-logrotator\app\schedule\rotate_by_file.js
2021-02-07 14:11:46,100 INFO 11784 [egg-schedule]: register schedule D:\run\egg-example\node_modules\egg-multipart\app\schedule\clean_tmpdir.js
2021-02-07 14:11:46,100 INFO 11784 [egg-schedule]: register schedule D:\run\egg-example\node_modules\egg-logrotator\app\schedule\clean_log.js
2021-02-07 14:11:46,100 INFO 11784 [egg-schedule]: register schedule D:\run\egg-example\node_modules\egg-logrotator\app\schedule\rotate_by_file.js
2021-02-07 14:14:33,636 INFO 6684 [egg-schedule]: register schedule D:\run\egg-example\node_modules\egg-multipart\app\schedule\clean_tmpdir.js
2021-02-07 14:14:33,636 INFO 6684 [egg-schedule]: register schedule D:\run\egg-example\node_modules\egg-logrotator\app\schedule\clean_log.js
2021-02-07 14:14:33,636 INFO 6684 [egg-schedule]: register schedule D:\run\egg-example\node_modules\egg-logrotator\app\schedule\rotate_by_file.js
2021-02-07 14:14:38,098 INFO 1304 [egg-schedule]: register schedule D:\run\egg-example\node_modules\egg-multipart\app\schedule\clean_tmpdir.js
2021-02-07 14:14:38,098 INFO 1304 [egg-schedule]: register schedule D:\run\egg-example\node_modules\egg-logrotator\app\schedule\clean_log.js
2021-02-07 14:14:38,098 INFO 1304 [egg-schedule]: register schedule D:\run\egg-example\node_modules\egg-logrotator\app\schedule\rotate_by_file.js
2021-02-07 14:15:12,277 INFO 21060 [egg-schedule]: register schedule D:\run\egg-example\node_modules\egg-multipart\app\schedule\clean_tmpdir.js
2021-02-07 14:15:12,277 INFO 21060 [egg-schedule]: register schedule D:\run\egg-example\node_modules\egg-logrotator\app\schedule\clean_log.js
2021-02-07 14:15:12,277 INFO 21060 [egg-schedule]: register schedule D:\run\egg-example\node_modules\egg-logrotator\app\schedule\rotate_by_file.js
2021-02-07 14:19:49,128 INFO 22508 [egg-schedule]: register schedule D:\run\egg-example\node_modules\egg-multipart\app\schedule\clean_tmpdir.js
2021-02-07 14:19:49,128 INFO 22508 [egg-schedule]: register schedule D:\run\egg-example\node_modules\egg-logrotator\app\schedule\clean_log.js
2021-02-07 14:19:49,128 INFO 22508 [egg-schedule]: register schedule D:\run\egg-example\node_modules\egg-logrotator\app\schedule\rotate_by_file.js
2021-02-07 14:19:55,969 INFO 7740 [egg-schedule]: register schedule D:\run\egg-example\node_modules\egg-multipart\app\schedule\clean_tmpdir.js
2021-02-07 14:19:55,969 INFO 7740 [egg-schedule]: register schedule D:\run\egg-example\node_modules\egg-logrotator\app\schedule\clean_log.js
2021-02-07 14:19:55,969 INFO 7740 [egg-schedule]: register schedule D:\run\egg-example\node_modules\egg-logrotator\app\schedule\rotate_by_file.js
2021-02-07 14:20:01,861 INFO 22060 [egg-schedule]: register schedule D:\run\egg-example\node_modules\egg-multipart\app\schedule\clean_tmpdir.js
2021-02-07 14:20:01,861 INFO 22060 [egg-schedule]: register schedule D:\run\egg-example\node_modules\egg-logrotator\app\schedule\clean_log.js
2021-02-07 14:20:01,861 INFO 22060 [egg-schedule]: register schedule D:\run\egg-example\node_modules\egg-logrotator\app\schedule\rotate_by_file.js
2021-02-07 14:20:05,611 INFO 16788 [egg-schedule]: register schedule D:\run\egg-example\node_modules\egg-multipart\app\schedule\clean_tmpdir.js
2021-02-07 14:20:05,611 INFO 16788 [egg-schedule]: register schedule D:\run\egg-example\node_modules\egg-logrotator\app\schedule\clean_log.js
2021-02-07 14:20:05,611 INFO 16788 [egg-schedule]: register schedule D:\run\egg-example\node_modules\egg-logrotator\app\schedule\rotate_by_file.js
2021-02-07 14:20:33,341 INFO 18948 [egg-schedule]: register schedule D:\run\egg-example\node_modules\egg-multipart\app\schedule\clean_tmpdir.js
2021-02-07 14:20:33,341 INFO 18948 [egg-schedule]: register schedule D:\run\egg-example\node_modules\egg-logrotator\app\schedule\clean_log.js
2021-02-07 14:20:33,341 INFO 18948 [egg-schedule]: register schedule D:\run\egg-example\node_modules\egg-logrotator\app\schedule\rotate_by_file.js
2021-02-07 14:20:57,297 INFO 1588 [egg-schedule]: register schedule D:\run\egg-example\node_modules\egg-multipart\app\schedule\clean_tmpdir.js
2021-02-07 14:20:57,297 INFO 1588 [egg-schedule]: register schedule D:\run\egg-example\node_modules\egg-logrotator\app\schedule\clean_log.js
2021-02-07 14:20:57,297 INFO 1588 [egg-schedule]: register schedule D:\run\egg-example\node_modules\egg-logrotator\app\schedule\rotate_by_file.js
2021-02-07 14:21:04,469 INFO 9368 [egg-schedule]: register schedule D:\run\egg-example\node_modules\egg-multipart\app\schedule\clean_tmpdir.js
2021-02-07 14:21:04,469 INFO 9368 [egg-schedule]: register schedule D:\run\egg-example\node_modules\egg-logrotator\app\schedule\clean_log.js
2021-02-07 14:21:04,469 INFO 9368 [egg-schedule]: register schedule D:\run\egg-example\node_modules\egg-logrotator\app\schedule\rotate_by_file.js
2021-02-07 14:21:15,530 INFO 22232 [egg-schedule]: register schedule D:\run\egg-example\node_modules\egg-multipart\app\schedule\clean_tmpdir.js
2021-02-07 14:21:15,530 INFO 22232 [egg-schedule]: register schedule D:\run\egg-example\node_modules\egg-logrotator\app\schedule\clean_log.js
2021-02-07 14:21:15,530 INFO 22232 [egg-schedule]: register schedule D:\run\egg-example\node_modules\egg-logrotator\app\schedule\rotate_by_file.js
2021-02-07 14:21:32,592 INFO 3324 [egg-schedule]: register schedule D:\run\egg-example\node_modules\egg-multipart\app\schedule\clean_tmpdir.js
2021-02-07 14:21:32,592 INFO 3324 [egg-schedule]: register schedule D:\run\egg-example\node_modules\egg-logrotator\app\schedule\clean_log.js
2021-02-07 14:21:32,592 INFO 3324 [egg-schedule]: register schedule D:\run\egg-example\node_modules\egg-logrotator\app\schedule\rotate_by_file.js
2021-02-07 14:21:45,323 INFO 11932 [egg-schedule]: register schedule D:\run\egg-example\node_modules\egg-multipart\app\schedule\clean_tmpdir.js
2021-02-07 14:21:45,323 INFO 11932 [egg-schedule]: register schedule D:\run\egg-example\node_modules\egg-logrotator\app\schedule\clean_log.js
2021-02-07 14:21:45,323 INFO 11932 [egg-schedule]: register schedule D:\run\egg-example\node_modules\egg-logrotator\app\schedule\rotate_by_file.js
2021-02-07 14:22:27,350 INFO 12368 [egg-schedule]: register schedule D:\run\egg-example\node_modules\egg-multipart\app\schedule\clean_tmpdir.js
2021-02-07 14:22:27,351 INFO 12368 [egg-schedule]: register schedule D:\run\egg-example\node_modules\egg-logrotator\app\schedule\clean_log.js
2021-02-07 14:22:27,351 INFO 12368 [egg-schedule]: register schedule D:\run\egg-example\node_modules\egg-logrotator\app\schedule\rotate_by_file.js
2021-02-07 14:23:03,857 INFO 3444 [Timer] D:\run\egg-example\node_modules\egg-multipart\app\schedule\clean_tmpdir.js next time will execute after 50816146ms at 2021-02-08 04:30:00.003
2021-02-07 14:23:03,857 INFO 3444 [Timer] D:\run\egg-example\node_modules\egg-logrotator\app\schedule\clean_log.js next time will execute after 34616143ms at 2021-02-08 00:00:00.000
2021-02-07 14:23:03,858 INFO 3444 [Timer] D:\run\egg-example\node_modules\egg-logrotator\app\schedule\rotate_by_file.js next time will execute after 34617143ms at 2021-02-08 00:00:01.001
2021-02-07 14:23:03,394 INFO 22024 [egg-schedule]: register schedule D:\run\egg-example\node_modules\egg-multipart\app\schedule\clean_tmpdir.js
2021-02-07 14:23:03,394 INFO 22024 [egg-schedule]: register schedule D:\run\egg-example\node_modules\egg-logrotator\app\schedule\clean_log.js
2021-02-07 14:23:03,394 INFO 22024 [egg-schedule]: register schedule D:\run\egg-example\node_modules\egg-logrotator\app\schedule\rotate_by_file.js
2021-02-07 14:27:06,242 INFO 20996 [egg-schedule]: register schedule D:\run\egg-example\node_modules\egg-multipart\app\schedule\clean_tmpdir.js
2021-02-07 14:27:06,243 INFO 20996 [egg-schedule]: register schedule D:\run\egg-example\node_modules\egg-logrotator\app\schedule\clean_log.js
2021-02-07 14:27:06,243 INFO 20996 [egg-schedule]: register schedule D:\run\egg-example\node_modules\egg-logrotator\app\schedule\rotate_by_file.js
2021-02-07 14:28:09,493 INFO 13040 [egg-schedule]: register schedule D:\run\egg-example\node_modules\egg-multipart\app\schedule\clean_tmpdir.js
2021-02-07 14:28:09,493 INFO 13040 [egg-schedule]: register schedule D:\run\egg-example\node_modules\egg-logrotator\app\schedule\clean_log.js
2021-02-07 14:28:09,493 INFO 13040 [egg-schedule]: register schedule D:\run\egg-example\node_modules\egg-logrotator\app\schedule\rotate_by_file.js
2021-02-07 14:29:04,758 INFO 13332 [egg-schedule]: register schedule D:\run\egg-example\node_modules\egg-multipart\app\schedule\clean_tmpdir.js
2021-02-07 14:29:04,758 INFO 13332 [egg-schedule]: register schedule D:\run\egg-example\node_modules\egg-logrotator\app\schedule\clean_log.js
2021-02-07 14:29:04,758 INFO 13332 [egg-schedule]: register schedule D:\run\egg-example\node_modules\egg-logrotator\app\schedule\rotate_by_file.js
2021-02-07 14:29:18,197 INFO 12244 [egg-schedule]: register schedule D:\run\egg-example\node_modules\egg-multipart\app\schedule\clean_tmpdir.js
2021-02-07 14:29:18,197 INFO 12244 [egg-schedule]: register schedule D:\run\egg-example\node_modules\egg-logrotator\app\schedule\clean_log.js
2021-02-07 14:29:18,197 INFO 12244 [egg-schedule]: register schedule D:\run\egg-example\node_modules\egg-logrotator\app\schedule\rotate_by_file.js
2021-02-07 14:29:33,072 INFO 12364 [egg-schedule]: register schedule D:\run\egg-example\node_modules\egg-multipart\app\schedule\clean_tmpdir.js
2021-02-07 14:29:33,072 INFO 12364 [egg-schedule]: register schedule D:\run\egg-example\node_modules\egg-logrotator\app\schedule\clean_log.js
2021-02-07 14:29:33,072 INFO 12364 [egg-schedule]: register schedule D:\run\egg-example\node_modules\egg-logrotator\app\schedule\rotate_by_file.js
2021-02-07 14:29:45,151 INFO 13588 [egg-schedule]: register schedule D:\run\egg-example\node_modules\egg-multipart\app\schedule\clean_tmpdir.js
2021-02-07 14:29:45,151 INFO 13588 [egg-schedule]: register schedule D:\run\egg-example\node_modules\egg-logrotator\app\schedule\clean_log.js
2021-02-07 14:29:45,152 INFO 13588 [egg-schedule]: register schedule D:\run\egg-example\node_modules\egg-logrotator\app\schedule\rotate_by_file.js
2021-02-07 14:29:54,207 INFO 14940 [egg-schedule]: register schedule D:\run\egg-example\node_modules\egg-multipart\app\schedule\clean_tmpdir.js
2021-02-07 14:29:54,207 INFO 14940 [egg-schedule]: register schedule D:\run\egg-example\node_modules\egg-logrotator\app\schedule\clean_log.js
2021-02-07 14:29:54,207 INFO 14940 [egg-schedule]: register schedule D:\run\egg-example\node_modules\egg-logrotator\app\schedule\rotate_by_file.js
2021-02-07 14:30:23,630 INFO 9204 [egg-schedule]: register schedule D:\run\egg-example\node_modules\egg-multipart\app\schedule\clean_tmpdir.js
2021-02-07 14:30:23,630 INFO 9204 [egg-schedule]: register schedule D:\run\egg-example\node_modules\egg-logrotator\app\schedule\clean_log.js
2021-02-07 14:30:23,630 INFO 9204 [egg-schedule]: register schedule D:\run\egg-example\node_modules\egg-logrotator\app\schedule\rotate_by_file.js
2021-02-07 14:30:29,761 INFO 14820 [egg-schedule]: register schedule D:\run\egg-example\node_modules\egg-multipart\app\schedule\clean_tmpdir.js
2021-02-07 14:30:29,761 INFO 14820 [egg-schedule]: register schedule D:\run\egg-example\node_modules\egg-logrotator\app\schedule\clean_log.js
2021-02-07 14:30:29,761 INFO 14820 [egg-schedule]: register schedule D:\run\egg-example\node_modules\egg-logrotator\app\schedule\rotate_by_file.js
2021-02-07 14:31:00,669 INFO 13012 [egg-schedule]: register schedule D:\run\egg-example\node_modules\egg-multipart\app\schedule\clean_tmpdir.js
2021-02-07 14:31:00,669 INFO 13012 [egg-schedule]: register schedule D:\run\egg-example\node_modules\egg-logrotator\app\schedule\clean_log.js
2021-02-07 14:31:00,669 INFO 13012 [egg-schedule]: register schedule D:\run\egg-example\node_modules\egg-logrotator\app\schedule\rotate_by_file.js
2021-02-07 14:31:06,817 INFO 9716 [egg-schedule]: register schedule D:\run\egg-example\node_modules\egg-multipart\app\schedule\clean_tmpdir.js
2021-02-07 14:31:06,817 INFO 9716 [egg-schedule]: register schedule D:\run\egg-example\node_modules\egg-logrotator\app\schedule\clean_log.js
2021-02-07 14:31:06,817 INFO 9716 [egg-schedule]: register schedule D:\run\egg-example\node_modules\egg-logrotator\app\schedule\rotate_by_file.js
2021-02-07 14:31:15,495 INFO 15880 [egg-schedule]: register schedule D:\run\egg-example\node_modules\egg-multipart\app\schedule\clean_tmpdir.js
2021-02-07 14:31:15,495 INFO 15880 [egg-schedule]: register schedule D:\run\egg-example\node_modules\egg-logrotator\app\schedule\clean_log.js
2021-02-07 14:31:15,495 INFO 15880 [egg-schedule]: register schedule D:\run\egg-example\node_modules\egg-logrotator\app\schedule\rotate_by_file.js
2021-02-07 14:31:19,097 INFO 14828 [egg-schedule]: register schedule D:\run\egg-example\node_modules\egg-multipart\app\schedule\clean_tmpdir.js
2021-02-07 14:31:19,097 INFO 14828 [egg-schedule]: register schedule D:\run\egg-example\node_modules\egg-logrotator\app\schedule\clean_log.js
2021-02-07 14:31:19,097 INFO 14828 [egg-schedule]: register schedule D:\run\egg-example\node_modules\egg-logrotator\app\schedule\rotate_by_file.js
2021-02-07 14:31:54,191 INFO 19452 [egg-schedule]: register schedule D:\run\egg-example\node_modules\egg-multipart\app\schedule\clean_tmpdir.js
2021-02-07 14:31:54,191 INFO 19452 [egg-schedule]: register schedule D:\run\egg-example\node_modules\egg-logrotator\app\schedule\clean_log.js
2021-02-07 14:31:54,191 INFO 19452 [egg-schedule]: register schedule D:\run\egg-example\node_modules\egg-logrotator\app\schedule\rotate_by_file.js
2021-02-07 14:32:00,780 INFO 22516 [egg-schedule]: register schedule D:\run\egg-example\node_modules\egg-multipart\app\schedule\clean_tmpdir.js
2021-02-07 14:32:00,781 INFO 22516 [egg-schedule]: register schedule D:\run\egg-example\node_modules\egg-logrotator\app\schedule\clean_log.js
2021-02-07 14:32:00,781 INFO 22516 [egg-schedule]: register schedule D:\run\egg-example\node_modules\egg-logrotator\app\schedule\rotate_by_file.js
2021-02-07 14:32:52,802 INFO 17236 [egg-schedule]: register schedule D:\run\egg-example\node_modules\egg-multipart\app\schedule\clean_tmpdir.js
2021-02-07 14:32:52,802 INFO 17236 [egg-schedule]: register schedule D:\run\egg-example\node_modules\egg-logrotator\app\schedule\clean_log.js
2021-02-07 14:32:52,802 INFO 17236 [egg-schedule]: register schedule D:\run\egg-example\node_modules\egg-logrotator\app\schedule\rotate_by_file.js
2021-02-07 14:33:03,797 INFO 10308 [egg-schedule]: register schedule D:\run\egg-example\node_modules\egg-multipart\app\schedule\clean_tmpdir.js
2021-02-07 14:33:03,798 INFO 10308 [egg-schedule]: register schedule D:\run\egg-example\node_modules\egg-logrotator\app\schedule\clean_log.js
2021-02-07 14:33:03,798 INFO 10308 [egg-schedule]: register schedule D:\run\egg-example\node_modules\egg-logrotator\app\schedule\rotate_by_file.js
2021-02-07 14:33:12,850 INFO 17004 [egg-schedule]: register schedule D:\run\egg-example\node_modules\egg-multipart\app\schedule\clean_tmpdir.js
2021-02-07 14:33:12,850 INFO 17004 [egg-schedule]: register schedule D:\run\egg-example\node_modules\egg-logrotator\app\schedule\clean_log.js
2021-02-07 14:33:12,850 INFO 17004 [egg-schedule]: register schedule D:\run\egg-example\node_modules\egg-logrotator\app\schedule\rotate_by_file.js
2021-02-07 14:33:35,974 INFO 12916 [egg-schedule]: register schedule D:\run\egg-example\node_modules\egg-multipart\app\schedule\clean_tmpdir.js
2021-02-07 14:33:35,974 INFO 12916 [egg-schedule]: register schedule D:\run\egg-example\node_modules\egg-logrotator\app\schedule\clean_log.js
2021-02-07 14:33:35,974 INFO 12916 [egg-schedule]: register schedule D:\run\egg-example\node_modules\egg-logrotator\app\schedule\rotate_by_file.js
2021-02-07 14:33:41,156 INFO 18532 [egg-schedule]: register schedule D:\run\egg-example\node_modules\egg-multipart\app\schedule\clean_tmpdir.js
2021-02-07 14:33:41,156 INFO 18532 [egg-schedule]: register schedule D:\run\egg-example\node_modules\egg-logrotator\app\schedule\clean_log.js
2021-02-07 14:33:41,156 INFO 18532 [egg-schedule]: register schedule D:\run\egg-example\node_modules\egg-logrotator\app\schedule\rotate_by_file.js
2021-02-07 14:33:44,989 INFO 19500 [egg-schedule]: register schedule D:\run\egg-example\node_modules\egg-multipart\app\schedule\clean_tmpdir.js
2021-02-07 14:33:44,989 INFO 19500 [egg-schedule]: register schedule D:\run\egg-example\node_modules\egg-logrotator\app\schedule\clean_log.js
2021-02-07 14:33:44,989 INFO 19500 [egg-schedule]: register schedule D:\run\egg-example\node_modules\egg-logrotator\app\schedule\rotate_by_file.js
2021-02-07 14:47:34,086 INFO 12428 [egg-schedule]: register schedule D:\run\egg-example\node_modules\egg-multipart\app\schedule\clean_tmpdir.js
2021-02-07 14:47:34,086 INFO 12428 [egg-schedule]: register schedule D:\run\egg-example\node_modules\egg-logrotator\app\schedule\clean_log.js
2021-02-07 14:47:34,086 INFO 12428 [egg-schedule]: register schedule D:\run\egg-example\node_modules\egg-logrotator\app\schedule\rotate_by_file.js
2021-02-07 14:47:42,344 INFO 11584 [egg-schedule]: register schedule D:\run\egg-example\node_modules\egg-multipart\app\schedule\clean_tmpdir.js
2021-02-07 14:47:42,344 INFO 11584 [egg-schedule]: register schedule D:\run\egg-example\node_modules\egg-logrotator\app\schedule\clean_log.js
2021-02-07 14:47:42,344 INFO 11584 [egg-schedule]: register schedule D:\run\egg-example\node_modules\egg-logrotator\app\schedule\rotate_by_file.js
2021-02-07 14:47:57,021 INFO 19352 [egg-schedule]: register schedule D:\run\egg-example\node_modules\egg-multipart\app\schedule\clean_tmpdir.js
2021-02-07 14:47:57,021 INFO 19352 [egg-schedule]: register schedule D:\run\egg-example\node_modules\egg-logrotator\app\schedule\clean_log.js
2021-02-07 14:47:57,021 INFO 19352 [egg-schedule]: register schedule D:\run\egg-example\node_modules\egg-logrotator\app\schedule\rotate_by_file.js
2021-02-07 15:22:29,405 INFO 4820 [egg-schedule]: register schedule D:\run\egg-example\node_modules\egg-multipart\app\schedule\clean_tmpdir.js
2021-02-07 15:22:29,405 INFO 4820 [egg-schedule]: register schedule D:\run\egg-example\node_modules\egg-logrotator\app\schedule\clean_log.js
2021-02-07 15:22:29,405 INFO 4820 [egg-schedule]: register schedule D:\run\egg-example\node_modules\egg-logrotator\app\schedule\rotate_by_file.js
2021-02-07 15:22:29,823 INFO 21316 [Timer] D:\run\egg-example\node_modules\egg-multipart\app\schedule\clean_tmpdir.js next time will execute after 47250180ms at 2021-02-08 04:30:00.003
2021-02-07 15:22:29,823 INFO 21316 [Timer] D:\run\egg-example\node_modules\egg-logrotator\app\schedule\clean_log.js next time will execute after 31050177ms at 2021-02-08 00:00:00.000
2021-02-07 15:22:29,823 INFO 21316 [Timer] D:\run\egg-example\node_modules\egg-logrotator\app\schedule\rotate_by_file.js next time will execute after 31051177ms at 2021-02-08 00:00:01.000
2021-02-07 15:22:33,290 INFO 13332 [egg-schedule]: register schedule D:\run\egg-example\node_modules\egg-multipart\app\schedule\clean_tmpdir.js
2021-02-07 15:22:33,290 INFO 13332 [egg-schedule]: register schedule D:\run\egg-example\node_modules\egg-logrotator\app\schedule\clean_log.js
2021-02-07 15:22:33,291 INFO 13332 [egg-schedule]: register schedule D:\run\egg-example\node_modules\egg-logrotator\app\schedule\rotate_by_file.js
2021-02-20 11:18:32,438 INFO 16172 [egg-schedule]: register schedule D:\run\egg-example\node_modules\egg-multipart\app\schedule\clean_tmpdir.js
2021-02-20 11:18:32,438 INFO 16172 [egg-schedule]: register schedule D:\run\egg-example\node_modules\egg-logrotator\app\schedule\clean_log.js
2021-02-20 11:18:32,438 INFO 16172 [egg-schedule]: register schedule D:\run\egg-example\node_modules\egg-logrotator\app\schedule\rotate_by_file.js
2021-02-20 11:18:33,128 INFO 12472 [Timer] D:\run\egg-example\node_modules\egg-multipart\app\schedule\clean_tmpdir.js next time will execute after 61886877ms at 2021-02-21 04:30:00.005
2021-02-20 11:18:33,129 INFO 12472 [Timer] D:\run\egg-example\node_modules\egg-logrotator\app\schedule\clean_log.js next time will execute after 45686871ms at 2021-02-21 00:00:00.000
2021-02-20 11:18:33,130 INFO 12472 [Timer] D:\run\egg-example\node_modules\egg-logrotator\app\schedule\rotate_by_file.js next time will execute after 45687871ms at 2021-02-21 00:00:01.001
2021-02-20 11:18:36,928 INFO 15464 [egg-schedule]: register schedule D:\run\egg-example\node_modules\egg-multipart\app\schedule\clean_tmpdir.js
2021-02-20 11:18:36,928 INFO 15464 [egg-schedule]: register schedule D:\run\egg-example\node_modules\egg-logrotator\app\schedule\clean_log.js
2021-02-20 11:18:36,928 INFO 15464 [egg-schedule]: register schedule D:\run\egg-example\node_modules\egg-logrotator\app\schedule\rotate_by_file.js
2021-02-20 11:23:00,741 INFO 11920 [egg-schedule]: register schedule D:\run\egg-example\node_modules\egg-multipart\app\schedule\clean_tmpdir.js
2021-02-20 11:23:00,741 INFO 11920 [egg-schedule]: register schedule D:\run\egg-example\node_modules\egg-logrotator\app\schedule\clean_log.js
2021-02-20 11:23:00,741 INFO 11920 [egg-schedule]: register schedule D:\run\egg-example\node_modules\egg-logrotator\app\schedule\rotate_by_file.js
2021-02-20 11:23:12,460 INFO 20500 [egg-schedule]: register schedule D:\run\egg-example\node_modules\egg-multipart\app\schedule\clean_tmpdir.js
2021-02-20 11:23:12,460 INFO 20500 [egg-schedule]: register schedule D:\run\egg-example\node_modules\egg-logrotator\app\schedule\clean_log.js
2021-02-20 11:23:12,460 INFO 20500 [egg-schedule]: register schedule D:\run\egg-example\node_modules\egg-logrotator\app\schedule\rotate_by_file.js
2021-02-20 11:23:30,117 INFO 992 [egg-schedule]: register schedule D:\run\egg-example\node_modules\egg-multipart\app\schedule\clean_tmpdir.js
2021-02-20 11:23:30,117 INFO 992 [egg-schedule]: register schedule D:\run\egg-example\node_modules\egg-logrotator\app\schedule\clean_log.js
2021-02-20 11:23:30,117 INFO 992 [egg-schedule]: register schedule D:\run\egg-example\node_modules\egg-logrotator\app\schedule\rotate_by_file.js
2021-02-20 11:28:33,376 INFO 5868 [egg-schedule]: register schedule D:\run\egg-example\node_modules\egg-multipart\app\schedule\clean_tmpdir.js
2021-02-20 11:28:33,376 INFO 5868 [egg-schedule]: register schedule D:\run\egg-example\node_modules\egg-logrotator\app\schedule\clean_log.js
2021-02-20 11:28:33,376 INFO 5868 [egg-schedule]: register schedule D:\run\egg-example\node_modules\egg-logrotator\app\schedule\rotate_by_file.js
2021-02-20 11:32:54,610 INFO 16460 [egg-schedule]: register schedule D:\run\egg-example\node_modules\egg-multipart\app\schedule\clean_tmpdir.js
2021-02-20 11:32:54,610 INFO 16460 [egg-schedule]: register schedule D:\run\egg-example\node_modules\egg-logrotator\app\schedule\clean_log.js
2021-02-20 11:32:54,610 INFO 16460 [egg-schedule]: register schedule D:\run\egg-example\node_modules\egg-logrotator\app\schedule\rotate_by_file.js
2021-02-20 11:33:00,242 INFO 992 [egg-schedule]: register schedule D:\run\egg-example\node_modules\egg-multipart\app\schedule\clean_tmpdir.js
2021-02-20 11:33:00,242 INFO 992 [egg-schedule]: register schedule D:\run\egg-example\node_modules\egg-logrotator\app\schedule\clean_log.js
2021-02-20 11:33:00,242 INFO 992 [egg-schedule]: register schedule D:\run\egg-example\node_modules\egg-logrotator\app\schedule\rotate_by_file.js
2021-02-20 13:09:59,391 INFO 15080 [egg-schedule]: register schedule D:\run\egg-example\node_modules\egg-multipart\app\schedule\clean_tmpdir.js
2021-02-20 13:09:59,391 INFO 15080 [egg-schedule]: register schedule D:\run\egg-example\node_modules\egg-logrotator\app\schedule\clean_log.js
2021-02-20 13:09:59,391 INFO 15080 [egg-schedule]: register schedule D:\run\egg-example\node_modules\egg-logrotator\app\schedule\rotate_by_file.js
2021-02-20 13:10:04,117 INFO 17852 [egg-schedule]: register schedule D:\run\egg-example\node_modules\egg-multipart\app\schedule\clean_tmpdir.js
2021-02-20 13:10:04,117 INFO 17852 [egg-schedule]: register schedule D:\run\egg-example\node_modules\egg-logrotator\app\schedule\clean_log.js
2021-02-20 13:10:04,117 INFO 17852 [egg-schedule]: register schedule D:\run\egg-example\node_modules\egg-logrotator\app\schedule\rotate_by_file.js
2021-02-20 15:32:07,905 INFO 12800 [egg-schedule]: register schedule D:\run\egg-example\node_modules\egg-multipart\app\schedule\clean_tmpdir.js
2021-02-20 15:32:07,905 INFO 12800 [egg-schedule]: register schedule D:\run\egg-example\node_modules\egg-logrotator\app\schedule\clean_log.js
2021-02-20 15:32:07,905 INFO 12800 [egg-schedule]: register schedule D:\run\egg-example\node_modules\egg-logrotator\app\schedule\rotate_by_file.js
2021-02-20 15:32:12,374 INFO 20648 [egg-schedule]: register schedule D:\run\egg-example\node_modules\egg-multipart\app\schedule\clean_tmpdir.js
2021-02-20 15:32:12,374 INFO 20648 [egg-schedule]: register schedule D:\run\egg-example\node_modules\egg-logrotator\app\schedule\clean_log.js
2021-02-20 15:32:12,374 INFO 20648 [egg-schedule]: register schedule D:\run\egg-example\node_modules\egg-logrotator\app\schedule\rotate_by_file.js
